<?xml version="1.0" encoding="UTF-8"?>
<testsuites name="jest tests" tests="27" failures="0" errors="0" time="2.84">
  <testsuite name="ApiExpand" errors="0" failures="0" skipped="0" timestamp="2023-11-30T09:23:39" time="1.382" tests="7">
    <testcase classname="ApiExpand should not add invalid values" name="ApiExpand should not add invalid values" time="0.013">
    </testcase>
    <testcase classname="ApiExpand should add new expand" name="ApiExpand should add new expand" time="0.001">
    </testcase>
    <testcase classname="ApiExpand should add new trimmed expand" name="ApiExpand should add new trimmed expand" time="0.002">
    </testcase>
    <testcase classname="ApiExpand should add multiple expands" name="ApiExpand should add multiple expands" time="0.001">
    </testcase>
    <testcase classname="ApiExpand should consolidate nested expands" name="ApiExpand should consolidate nested expands" time="0.001">
    </testcase>
    <testcase classname="ApiExpand should consolidate nested expands in reverse order" name="ApiExpand should consolidate nested expands in reverse order" time="0.001">
    </testcase>
    <testcase classname="ApiExpand should consolidate nested expands with duplicates" name="ApiExpand should consolidate nested expands with duplicates" time="0.001">
    </testcase>
  </testsuite>
  <testsuite name="ACL" errors="0" failures="0" skipped="0" timestamp="2023-11-30T09:23:39" time="1.396" tests="20">
    <testcase classname="ACL should return false for invalid input" name="ACL should return false for invalid input" time="0.011">
    </testcase>
    <testcase classname="ACL should return false for none-existing resource operations" name="ACL should return false for none-existing resource operations" time="0.002">
    </testcase>
    <testcase classname="ACL should return the value for an existing resource operation" name="ACL should return the value for an existing resource operation" time="0.001">
    </testcase>
    <testcase classname="ACL should return true for $all possible operations" name="ACL should return true for $all possible operations" time="0.001">
    </testcase>
    <testcase classname="ACL should return false for $all possible operations" name="ACL should return false for $all possible operations" time="0.001">
    </testcase>
    <testcase classname="ACL should prioritize the own $all higher then the parents $all" name="ACL should prioritize the own $all higher then the parents $all" time="0.001">
    </testcase>
    <testcase classname="ACL should prioritize concrete permissions higher then $all" name="ACL should prioritize concrete permissions higher then $all" time="0.001">
    </testcase>
    <testcase classname="ACL should pass down permissions to none-present sub-resources" name="ACL should pass down permissions to none-present sub-resources" time="0.001">
    </testcase>
    <testcase classname="ACL should allow access to owned objects" name="ACL should allow access to owned objects" time="0.006">
    </testcase>
    <testcase classname="ACL should allow access to owned objects and $all operations" name="ACL should allow access to owned objects and $all operations" time="0.001">
    </testcase>
    <testcase classname="ACL should not allow access to owned objects with wrong $own" name="ACL should not allow access to owned objects with wrong $own" time="0.001">
    </testcase>
    <testcase classname="ACL should accept multiple resources delivered as an array" name="ACL should accept multiple resources delivered as an array" time="0.001">
    </testcase>
    <testcase classname="ACL should accept multiple operations delivered as an array" name="ACL should accept multiple operations delivered as an array" time="0.001">
    </testcase>
    <testcase classname="ACL should accept multiple operations and resources delivered as arrays" name="ACL should accept multiple operations and resources delivered as arrays" time="0.001">
    </testcase>
    <testcase classname="ACL should successfully check for existence with one sub-resource and sufficient permission" name="ACL should successfully check for existence with one sub-resource and sufficient permission" time="0">
    </testcase>
    <testcase classname="ACL should successfully check for existence with one sub-resource and insufficient permission" name="ACL should successfully check for existence with one sub-resource and insufficient permission" time="0.005">
    </testcase>
    <testcase classname="ACL should successfully check for existence with n sub-resources and unequal permissions" name="ACL should successfully check for existence with n sub-resources and unequal permissions" time="0.002">
    </testcase>
    <testcase classname="ACL should successfully check for existence with n sub-resources and equal permissions" name="ACL should successfully check for existence with n sub-resources and equal permissions" time="0.001">
    </testcase>
    <testcase classname="ACL should successfully check for sub-resources to be present by using $hasChildTrue and $all" name="ACL should successfully check for sub-resources to be present by using $hasChildTrue and $all" time="0">
    </testcase>
    <testcase classname="ACL should fail checking for sub-resources by using $hasChildTrue" name="ACL should fail checking for sub-resources by using $hasChildTrue" time="0.001">
    </testcase>
  </testsuite>
</testsuites>